{"C:\\Users\\lucas\\OneDrive\\Área de Trabalho\\Projetos\\Blog\\mailer\\src\\controllers\\mailer\\mailer.mock.js": {"path":"C:\\Users\\lucas\\OneDrive\\Área de Trabalho\\Projetos\\Blog\\mailer\\src\\controllers\\mailer\\mailer.mock.js","statementMap":{},"fnMap":{},"branchMap":{},"s":{},"f":{},"b":{},"_coverageSchema":"1a1c01bbd47fc00a2c39e90264f33305004495a9","hash":"fc220eb07f3d18aeb050388798ce8feedd331fe6"}
,"C:\\Users\\lucas\\OneDrive\\Área de Trabalho\\Projetos\\Blog\\mailer\\src\\services\\mailer\\mailerService.service.js": {"path":"C:\\Users\\lucas\\OneDrive\\Área de Trabalho\\Projetos\\Blog\\mailer\\src\\services\\mailer\\mailerService.service.js","statementMap":{"0":{"start":{"line":5,"column":8},"end":{"line":5,"column":41}},"1":{"start":{"line":9,"column":8},"end":{"line":29,"column":9}},"2":{"start":{"line":10,"column":32},"end":{"line":14,"column":14}},"3":{"start":{"line":17,"column":16},"end":{"line":23,"column":17}},"4":{"start":{"line":18,"column":20},"end":{"line":18,"column":75}},"5":{"start":{"line":20,"column":20},"end":{"line":20,"column":81}},"6":{"start":{"line":22,"column":20},"end":{"line":22,"column":51}},"7":{"start":{"line":26,"column":12},"end":{"line":26,"column":31}},"8":{"start":{"line":28,"column":12},"end":{"line":28,"column":43}},"9":{"start":{"line":33,"column":0},"end":{"line":33,"column":23}}},"fnMap":{"0":{"name":"(anonymous_0)","decl":{"start":{"line":4,"column":4},"end":{"line":4,"column":5}},"loc":{"start":{"line":4,"column":30},"end":{"line":6,"column":5}},"line":4},"1":{"name":"(anonymous_1)","decl":{"start":{"line":8,"column":4},"end":{"line":8,"column":5}},"loc":{"start":{"line":8,"column":47},"end":{"line":30,"column":5}},"line":8},"2":{"name":"sendMail","decl":{"start":{"line":16,"column":27},"end":{"line":16,"column":35}},"loc":{"start":{"line":16,"column":61},"end":{"line":24,"column":13}},"line":16}},"branchMap":{},"s":{"0":2,"1":2,"2":2,"3":2,"4":2,"5":1,"6":1,"7":2,"8":0,"9":1},"f":{"0":2,"1":2,"2":2},"b":{},"_coverageSchema":"1a1c01bbd47fc00a2c39e90264f33305004495a9","hash":"4593749b0e8f081ce8468f5874d8563d45662d72"}
}
